-------------------------------------------------------------------------------
Test set: com.simpligility.maven.plugins.android.standalonemojos.AarMojoIntegrationTest
-------------------------------------------------------------------------------
Tests run: 1, Failures: 1, Errors: 0, Skipped: 0, Time elapsed: 70.039 sec <<< FAILURE! - in com.simpligility.maven.plugins.android.standalonemojos.AarMojoIntegrationTest
buildDeployAndRun[3.3.9](com.simpligility.maven.plugins.android.standalonemojos.AarMojoIntegrationTest)  Time elapsed: 62.021 sec  <<< FAILURE!
java.lang.AssertionError: [[ERROR] Error when generating sources., [ERROR] Failed to execute goal com.simpligility.maven.plugins:android-maven-plugin:4.5.0-jarfix:generate-sources (default-generate-sources) on project aar-no-resources: No Android SDK path could be found. You may configure it in the plugin configuration section in the pom file using <sdk><path>...</path></sdk> or <properties><android.sdk.path>...</android.sdk.path></properties> or on command-line using -Dandroid.sdk.path=... or by setting environment variable ANDROID_HOME -> [Help 1], [ERROR] , [ERROR] To see the full stack trace of the errors, re-run Maven with the -e switch., [ERROR] Re-run Maven using the -X switch to enable full debug logging., [ERROR] , [ERROR] For more information about the errors and possible solutions, please read the following articles:, [ERROR] [Help 1] http://cwiki.apache.org/confluence/display/MAVEN/MojoExecutionException]
	at com.simpligility.maven.plugins.android.standalonemojos.AarMojoIntegrationTest.buildDeployAndRun(AarMojoIntegrationTest.java:56)

