<?xml version="1.0" encoding="UTF-8"?>
<testsuite xmlns:xsi="http://www.w3.org/2001/XMLSchema-instance" xsi:schemaLocation="https://maven.apache.org/surefire/maven-surefire-plugin/xsd/surefire-test-report.xsd" name="com.simpligility.maven.plugins.android.standalonemojos.ZipalignMojoTest" time="0" tests="1" errors="0" skipped="1" failures="0">
  <properties>
[...]
</properties>
  <testcase name="com.simpligility.maven.plugins.android.standalonemojos.ZipalignMojoTest" classname="com.simpligility.maven.plugins.android.standalonemojos.ZipalignMojoTest" time="0">
    <skipped message="This test has to be migrated to be an IntegrationTest using AbstractAndroidMojoIntegrationTest"/>
  </testcase>
</testsuite>